<?xml version="1.0" encoding="UTF-8"?>
<testsuite xmlns:xsi="http://www.w3.org/2001/XMLSchema-instance" xsi:noNamespaceSchemaLocation="https://maven.apache.org/surefire/maven-surefire-plugin/xsd/surefire-test-report-3.0.xsd" version="3.0" name="com.example.InMemoryQueueTest" time="0.011" tests="7" errors="0" skipped="0" failures="0">
  <properties>
[...]
</properties>
  <testcase name="testDeleteMessage" classname="com.example.InMemoryQueueTest" time="0.0"/>
  <testcase name="testPullMessage" classname="com.example.InMemoryQueueTest" time="0.001"/>
  <testcase name="testPullEmptyQueue" classname="com.example.InMemoryQueueTest" time="0.004"/>
  <testcase name="testFIFO3Msgs" classname="com.example.InMemoryQueueTest" time="0.0"/>
  <testcase name="testSendMessage" classname="com.example.InMemoryQueueTest" time="0.0"/>
  <testcase name="testDoublePull" classname="com.example.InMemoryQueueTest" time="0.0"/>
  <testcase name="testAckTimeout" classname="com.example.InMemoryQueueTest" time="0.001"/>
</testsuite>