<?xml version="1.0" encoding="UTF-8" ?>
<testsuite tests="7" failures="0" name="com.example.FileQueueTest" time="0.541" errors="0" skipped="0">
  <properties>
[...]
</properties>
  <testcase classname="com.example.FileQueueTest" name="testDeleteMessage" time="0.405"/>
  <testcase classname="com.example.FileQueueTest" name="testPullMessage" time="0.002"/>
  <testcase classname="com.example.FileQueueTest" name="testPullEmptyQueue" time="0.011"/>
  <testcase classname="com.example.FileQueueTest" name="testFIFO3Msgs" time="0.032"/>
  <testcase classname="com.example.FileQueueTest" name="testSendMessage" time="0.015"/>
  <testcase classname="com.example.FileQueueTest" name="testDoublePull" time="0.026"/>
  <testcase classname="com.example.FileQueueTest" name="testAckTimeout" time="0.05"/>
</testsuite>